running egg_info
writing ..\..\build\pico_relay\pico_relay.egg-info\PKG-INFO
writing dependency_links to ..\..\build\pico_relay\pico_relay.egg-info\dependency_links.txt
writing entry points to ..\..\build\pico_relay\pico_relay.egg-info\entry_points.txt
writing requirements to ..\..\build\pico_relay\pico_relay.egg-info\requires.txt
writing top-level names to ..\..\build\pico_relay\pico_relay.egg-info\top_level.txt
reading manifest file '..\..\build\pico_relay\pico_relay.egg-info\SOURCES.txt'
writing manifest file '..\..\build\pico_relay\pico_relay.egg-info\SOURCES.txt'
running build
running build_py
running install
running install_lib
running install_data
running install_egg_info
removing 'C:\Users\pople\OneDrive\Documents\SHC\Two-Month\two-month-rover-elijah\ros_ws\install\pico_relay\Lib\site-packages\pico_relay-0.0.0-py3.8.egg-info' (and everything under it)
Copying ..\..\build\pico_relay\pico_relay.egg-info to C:\Users\pople\OneDrive\Documents\SHC\Two-Month\two-month-rover-elijah\ros_ws\install\pico_relay\Lib\site-packages\pico_relay-0.0.0-py3.8.egg-info
running install_scripts
Installing pico_relay-script.py script to C:\Users\pople\OneDrive\Documents\SHC\Two-Month\two-month-rover-elijah\ros_ws\install\pico_relay\lib\pico_relay
Installing pico_relay.exe script to C:\Users\pople\OneDrive\Documents\SHC\Two-Month\two-month-rover-elijah\ros_ws\install\pico_relay\lib\pico_relay
writing list of installed files to 'C:\Users\pople\OneDrive\Documents\SHC\Two-Month\two-month-rover-elijah\ros_ws\build\pico_relay\install.log'
