[1.328s] Invoking command in 'C:\Users\pople\OneDrive\Documents\SHC\Two-Month\two-month-rover-elijah\ros_ws\src\pico_relay': PYTHONPATH=C:\Users\pople\OneDrive\Documents\SHC\Two-Month\two-month-rover-elijah\ros_ws\install\pico_relay\Lib\site-packages; c:\python38\python.exe setup.py egg_info --egg-base ..\..\build\pico_relay build --build-base C:\Users\pople\OneDrive\Documents\SHC\Two-Month\two-month-rover-elijah\ros_ws\build\pico_relay\build install --prefix C:\Users\pople\OneDrive\Documents\SHC\Two-Month\two-month-rover-elijah\ros_ws\install\pico_relay --record C:\Users\pople\OneDrive\Documents\SHC\Two-Month\two-month-rover-elijah\ros_ws\build\pico_relay\install.log --single-version-externally-managed
[1.907s] running egg_info
[1.907s] writing ..\..\build\pico_relay\pico_relay.egg-info\PKG-INFO
[1.907s] writing dependency_links to ..\..\build\pico_relay\pico_relay.egg-info\dependency_links.txt
[1.907s] writing entry points to ..\..\build\pico_relay\pico_relay.egg-info\entry_points.txt
[1.907s] writing requirements to ..\..\build\pico_relay\pico_relay.egg-info\requires.txt
[1.907s] writing top-level names to ..\..\build\pico_relay\pico_relay.egg-info\top_level.txt
[1.907s] reading manifest file '..\..\build\pico_relay\pico_relay.egg-info\SOURCES.txt'
[1.922s] writing manifest file '..\..\build\pico_relay\pico_relay.egg-info\SOURCES.txt'
[1.922s] running build
[1.922s] running build_py
[1.922s] running install
[1.922s] running install_lib
[1.922s] running install_data
[1.922s] running install_egg_info
[1.938s] removing 'C:\Users\pople\OneDrive\Documents\SHC\Two-Month\two-month-rover-elijah\ros_ws\install\pico_relay\Lib\site-packages\pico_relay-0.0.0-py3.8.egg-info' (and everything under it)
[1.938s] Copying ..\..\build\pico_relay\pico_relay.egg-info to C:\Users\pople\OneDrive\Documents\SHC\Two-Month\two-month-rover-elijah\ros_ws\install\pico_relay\Lib\site-packages\pico_relay-0.0.0-py3.8.egg-info
[1.938s] running install_scripts
[1.969s] Installing pico_relay-script.py script to C:\Users\pople\OneDrive\Documents\SHC\Two-Month\two-month-rover-elijah\ros_ws\install\pico_relay\lib\pico_relay
[1.969s] Installing pico_relay.exe script to C:\Users\pople\OneDrive\Documents\SHC\Two-Month\two-month-rover-elijah\ros_ws\install\pico_relay\lib\pico_relay
[1.969s] writing list of installed files to 'C:\Users\pople\OneDrive\Documents\SHC\Two-Month\two-month-rover-elijah\ros_ws\build\pico_relay\install.log'
[1.969s] c:\python38\lib\site-packages\setuptools\command\install.py:34: SetuptoolsDeprecationWarning: setup.py install is deprecated. Use build and pip and other standards-based tools.
[1.969s]   warnings.warn(
[2.000s] Invoked command in 'C:\Users\pople\OneDrive\Documents\SHC\Two-Month\two-month-rover-elijah\ros_ws\src\pico_relay' returned '0': PYTHONPATH=C:\Users\pople\OneDrive\Documents\SHC\Two-Month\two-month-rover-elijah\ros_ws\install\pico_relay\Lib\site-packages; c:\python38\python.exe setup.py egg_info --egg-base ..\..\build\pico_relay build --build-base C:\Users\pople\OneDrive\Documents\SHC\Two-Month\two-month-rover-elijah\ros_ws\build\pico_relay\build install --prefix C:\Users\pople\OneDrive\Documents\SHC\Two-Month\two-month-rover-elijah\ros_ws\install\pico_relay --record C:\Users\pople\OneDrive\Documents\SHC\Two-Month\two-month-rover-elijah\ros_ws\build\pico_relay\install.log --single-version-externally-managed
